[2023-12-08 15:54:13,328] INFO Shutting down the log cleaner. (kafka.log.LogCleaner)
[2023-12-08 15:57:37,250] INFO Starting the log cleaner (kafka.log.LogCleaner)
[2023-12-20 11:24:59,632] INFO Starting the log cleaner (kafka.log.LogCleaner)
[2023-12-20 14:45:45,593] INFO Starting the log cleaner (kafka.log.LogCleaner)
[2023-12-20 15:29:41,531] INFO Starting the log cleaner (kafka.log.LogCleaner)
[2023-12-21 09:56:52,374] INFO Starting the log cleaner (kafka.log.LogCleaner)
[2023-12-22 12:54:53,334] INFO Starting the log cleaner (kafka.log.LogCleaner)
[2023-12-22 12:54:57,231] INFO Shutting down the log cleaner. (kafka.log.LogCleaner)
[2023-12-22 12:55:23,507] INFO Starting the log cleaner (kafka.log.LogCleaner)
[2023-12-27 12:00:30,444] INFO Starting the log cleaner (kafka.log.LogCleaner)
[2023-12-27 16:59:28,917] INFO Cleaner 0: Beginning cleaning of log __consumer_offsets-2 (kafka.log.LogCleaner)
[2023-12-27 16:59:29,453] INFO Cleaner 0: Building offset map for __consumer_offsets-2... (kafka.log.LogCleaner)
[2023-12-27 16:59:46,034] INFO Cleaner 0: Building offset map for log __consumer_offsets-2 for 1 segments in offset range [0, 517). (kafka.log.LogCleaner)
[2023-12-27 16:59:48,469] INFO Cleaner 0: Offset map for log __consumer_offsets-2 complete. (kafka.log.LogCleaner)
[2023-12-27 16:59:48,479] INFO Cleaner 0: Cleaning log __consumer_offsets-2 (cleaning prior to Wed Dec 27 15:16:09 WIB 2023, discarding tombstones prior to upper bound deletion horizon Thu Jan 01 07:00:00 WIB 1970)... (kafka.log.LogCleaner)
[2023-12-27 16:59:48,526] INFO Cleaner 0: Cleaning LogSegment(baseOffset=0, size=106813, lastModifiedTime=1703664969668, largestRecordTimestamp=Some(1703664969667)) in log __consumer_offsets-2 into 0 with an upper bound deletion horizon 0 computed from the segment last modified time of 1703664969668,retaining deletes. (kafka.log.LogCleaner)
[2023-12-27 16:59:50,511] INFO Cleaner 0: Swapping in cleaned segment LogSegment(baseOffset=0, size=485, lastModifiedTime=1703664969668, largestRecordTimestamp=Some(1703664969667)) for segment(s) List(LogSegment(baseOffset=0, size=106813, lastModifiedTime=1703664969668, largestRecordTimestamp=Some(1703664969667))) in log Log(dir=G:\P79\GAP\tmp\kafka-logs\__consumer_offsets-2, topicId=2_cl9smlSpuZ6I4Cw_CZdA, topic=__consumer_offsets, partition=2, highWatermark=519, lastStableOffset=519, logStartOffset=0, logEndOffset=519) (kafka.log.LogCleaner)
[2023-12-27 16:59:51,838] INFO Cleaner 0: Beginning cleaning of log __consumer_offsets-2 (kafka.log.LogCleaner)
[2023-12-27 16:59:51,838] INFO Cleaner 0: Building offset map for __consumer_offsets-2... (kafka.log.LogCleaner)
[2023-12-27 16:59:51,852] INFO Cleaner 0: Building offset map for log __consumer_offsets-2 for 1 segments in offset range [0, 517). (kafka.log.LogCleaner)
[2023-12-27 16:59:51,858] INFO Cleaner 0: Offset map for log __consumer_offsets-2 complete. (kafka.log.LogCleaner)
[2023-12-27 16:59:51,858] INFO Cleaner 0: Cleaning log __consumer_offsets-2 (cleaning prior to Wed Dec 27 15:16:09 WIB 2023, discarding tombstones prior to upper bound deletion horizon Thu Jan 01 07:00:00 WIB 1970)... (kafka.log.LogCleaner)
[2023-12-27 16:59:52,888] INFO Cleaner 0: Beginning cleaning of log __consumer_offsets-2 (kafka.log.LogCleaner)
[2023-12-27 16:59:52,888] INFO Cleaner 0: Building offset map for __consumer_offsets-2... (kafka.log.LogCleaner)
[2023-12-27 16:59:53,136] INFO Cleaner 0: Building offset map for log __consumer_offsets-2 for 1 segments in offset range [0, 517). (kafka.log.LogCleaner)
[2023-12-27 16:59:53,163] INFO Cleaner 0: Offset map for log __consumer_offsets-2 complete. (kafka.log.LogCleaner)
[2023-12-27 16:59:53,163] INFO Cleaner 0: Cleaning log __consumer_offsets-2 (cleaning prior to Wed Dec 27 15:16:09 WIB 2023, discarding tombstones prior to upper bound deletion horizon Thu Jan 01 07:00:00 WIB 1970)... (kafka.log.LogCleaner)
[2023-12-27 16:59:53,169] INFO Cleaner 0: Cleaning LogSegment(baseOffset=0, size=106813, lastModifiedTime=1703664969668, largestRecordTimestamp=Some(1703664969667)) in log __consumer_offsets-2 into 0 with an upper bound deletion horizon 0 computed from the segment last modified time of 1703664969668,retaining deletes. (kafka.log.LogCleaner)
[2024-01-09 12:41:36,872] INFO Starting the log cleaner (kafka.log.LogCleaner)
[2024-01-09 12:41:52,228] INFO Cleaner 0: Beginning cleaning of log __consumer_offsets-2 (kafka.log.LogCleaner)
[2024-01-09 12:41:52,229] INFO Cleaner 0: Building offset map for __consumer_offsets-2... (kafka.log.LogCleaner)
[2024-01-09 12:41:52,296] INFO Cleaner 0: Building offset map for log __consumer_offsets-2 for 1 segments in offset range [0, 517). (kafka.log.LogCleaner)
[2024-01-09 12:41:52,378] INFO Cleaner 0: Offset map for log __consumer_offsets-2 complete. (kafka.log.LogCleaner)
[2024-01-09 12:41:52,382] INFO Cleaner 0: Cleaning log __consumer_offsets-2 (cleaning prior to Wed Dec 27 15:16:09 WIB 2023, discarding tombstones prior to upper bound deletion horizon Thu Jan 01 07:00:00 WIB 1970)... (kafka.log.LogCleaner)
[2024-01-09 12:41:52,402] INFO Cleaner 0: Cleaning LogSegment(baseOffset=0, size=106813, lastModifiedTime=1703664969668, largestRecordTimestamp=Some(1703664969667)) in log __consumer_offsets-2 into 0 with an upper bound deletion horizon 0 computed from the segment last modified time of 1703664969668,retaining deletes. (kafka.log.LogCleaner)
[2024-01-09 12:41:52,603] INFO Cleaner 0: Swapping in cleaned segment LogSegment(baseOffset=0, size=485, lastModifiedTime=1703664969668, largestRecordTimestamp=Some(1703664969667)) for segment(s) List(LogSegment(baseOffset=0, size=106813, lastModifiedTime=1703664969668, largestRecordTimestamp=Some(1703664969667))) in log Log(dir=G:\P79\GAP\tmp\kafka-logs\__consumer_offsets-2, topicId=2_cl9smlSpuZ6I4Cw_CZdA, topic=__consumer_offsets, partition=2, highWatermark=519, lastStableOffset=519, logStartOffset=0, logEndOffset=519) (kafka.log.LogCleaner)
[2024-01-09 12:41:52,697] INFO Cleaner 0: Beginning cleaning of log __consumer_offsets-2 (kafka.log.LogCleaner)
[2024-01-09 12:41:52,697] INFO Cleaner 0: Building offset map for __consumer_offsets-2... (kafka.log.LogCleaner)
[2024-01-09 12:42:51,002] INFO Starting the log cleaner (kafka.log.LogCleaner)
[2024-01-09 12:43:06,216] INFO Cleaner 0: Beginning cleaning of log __consumer_offsets-2 (kafka.log.LogCleaner)
[2024-01-09 12:43:06,216] INFO Cleaner 0: Building offset map for __consumer_offsets-2... (kafka.log.LogCleaner)
[2024-01-09 12:43:06,268] INFO Cleaner 0: Building offset map for log __consumer_offsets-2 for 1 segments in offset range [0, 517). (kafka.log.LogCleaner)
[2024-01-09 12:43:06,332] INFO Cleaner 0: Offset map for log __consumer_offsets-2 complete. (kafka.log.LogCleaner)
[2024-01-09 12:43:06,336] INFO Cleaner 0: Cleaning log __consumer_offsets-2 (cleaning prior to Wed Dec 27 15:16:09 WIB 2023, discarding tombstones prior to upper bound deletion horizon Thu Jan 01 07:00:00 WIB 1970)... (kafka.log.LogCleaner)
[2024-01-09 12:43:06,347] INFO Cleaner 0: Cleaning LogSegment(baseOffset=0, size=106813, lastModifiedTime=1703664969668, largestRecordTimestamp=Some(1703664969667)) in log __consumer_offsets-2 into 0 with an upper bound deletion horizon 0 computed from the segment last modified time of 1703664969668,retaining deletes. (kafka.log.LogCleaner)
[2024-01-09 12:43:06,617] INFO Cleaner 0: Swapping in cleaned segment LogSegment(baseOffset=0, size=485, lastModifiedTime=1703664969668, largestRecordTimestamp=Some(1703664969667)) for segment(s) List(LogSegment(baseOffset=0, size=106813, lastModifiedTime=1703664969668, largestRecordTimestamp=Some(1703664969667))) in log Log(dir=G:\P79\GAP\tmp\kafka-logs\__consumer_offsets-2, topicId=2_cl9smlSpuZ6I4Cw_CZdA, topic=__consumer_offsets, partition=2, highWatermark=519, lastStableOffset=519, logStartOffset=0, logEndOffset=519) (kafka.log.LogCleaner)
[2024-01-09 12:44:45,637] INFO Starting the log cleaner (kafka.log.LogCleaner)
[2024-01-09 12:45:00,873] INFO Cleaner 0: Beginning cleaning of log __consumer_offsets-2 (kafka.log.LogCleaner)
[2024-01-09 12:45:00,873] INFO Cleaner 0: Building offset map for __consumer_offsets-2... (kafka.log.LogCleaner)
[2024-01-09 12:45:00,909] INFO Cleaner 0: Building offset map for log __consumer_offsets-2 for 1 segments in offset range [0, 517). (kafka.log.LogCleaner)
[2024-01-09 12:45:00,979] INFO Cleaner 0: Offset map for log __consumer_offsets-2 complete. (kafka.log.LogCleaner)
[2024-01-09 12:45:00,986] INFO Cleaner 0: Cleaning log __consumer_offsets-2 (cleaning prior to Wed Dec 27 15:16:09 WIB 2023, discarding tombstones prior to upper bound deletion horizon Thu Jan 01 07:00:00 WIB 1970)... (kafka.log.LogCleaner)
[2024-01-09 12:45:01,007] INFO Cleaner 0: Cleaning LogSegment(baseOffset=0, size=106813, lastModifiedTime=1703664969668, largestRecordTimestamp=Some(1703664969667)) in log __consumer_offsets-2 into 0 with an upper bound deletion horizon 0 computed from the segment last modified time of 1703664969668,retaining deletes. (kafka.log.LogCleaner)
[2024-01-09 12:45:01,213] INFO Cleaner 0: Swapping in cleaned segment LogSegment(baseOffset=0, size=485, lastModifiedTime=1703664969668, largestRecordTimestamp=Some(1703664969667)) for segment(s) List(LogSegment(baseOffset=0, size=106813, lastModifiedTime=1703664969668, largestRecordTimestamp=Some(1703664969667))) in log Log(dir=G:\P79\GAP\tmp\kafka-logs\__consumer_offsets-2, topicId=2_cl9smlSpuZ6I4Cw_CZdA, topic=__consumer_offsets, partition=2, highWatermark=519, lastStableOffset=519, logStartOffset=0, logEndOffset=519) (kafka.log.LogCleaner)
[2024-01-09 12:49:37,611] INFO Starting the log cleaner (kafka.log.LogCleaner)
